# JRE version: OpenJDK Runtime Environment Corretto-21.0.10.7.1 (21.0.10+7) (build 21.0.10+7-LTS)
# Java VM: OpenJDK 64-Bit Server VM Corretto-21.0.10.7.1 (21.0.10+7-LTS, mixed mode, sharing, tiered, compressed oops, compressed class ptrs, g1 gc, windows-amd64)
GC Precious Log:
 CardTable entry size: 512
 Card Set container configuration: InlinePtr #cards 5 size 8 Array Of Cards #cards 12 size 40 Howl #buckets 4 coarsen threshold 1843 Howl Bitmap #cards 512 size 80 coarsen threshold 460 Card regions per heap region 1 cards per card region 2048
 CPUs: 8 total, 8 available
 Memory: 7103M
 Large Page Support: Disabled
 NUMA Support: Disabled
 Compressed Oops: Enabled (32-bit)
 Heap Region Size: 1M
 Heap Min Capacity: 8M
 Heap Initial Capacity: 112M
 Heap Max Capacity: 1776M
 Pre-touch: Disabled
 Parallel Workers: 8
 Concurrent Workers: 2
 Concurrent Refinement Workers: 8
 Periodic GC: Disabled
Heap:
 garbage-first heap   total 61440K, used 47615K [0x0000000091000000, 0x0000000100000000)
  region size 1024K, 18 young (18432K), 2 survivors (2048K)
 Metaspace       used 56322K, committed 57088K, reserved 1114112K
  class space    used 7750K, committed 8064K, reserved 1048576K
GC Heap History (20 events):
Event: 5.440 GC heap before
{Heap before GC invocations=5 (full 0):
 garbage-first heap   total 61440K, used 51331K [0x0000000091000000, 0x0000000100000000)
  region size 1024K, 36 young (36864K), 2 survivors (2048K)
 Metaspace       used 24656K, committed 25152K, reserved 1114112K
  class space    used 3108K, committed 3328K, reserved 1048576K
}
Event: 5.452 GC heap after
{Heap after GC invocations=6 (full 0):
 garbage-first heap   total 61440K, used 20611K [0x0000000091000000, 0x0000000100000000)
  region size 1024K, 5 young (5120K), 5 survivors (5120K)
 Metaspace       used 24656K, committed 25152K, reserved 1114112K
  class space    used 3108K, committed 3328K, reserved 1048576K
}
Event: 6.382 GC heap before
{Heap before GC invocations=6 (full 0):
 garbage-first heap   total 61440K, used 45187K [0x0000000091000000, 0x0000000100000000)
  region size 1024K, 30 young (30720K), 5 survivors (5120K)
 Metaspace       used 27928K, committed 28352K, reserved 1114112K
  class space    used 3555K, committed 3776K, reserved 1048576K
}
Event: 6.394 GC heap after
{Heap after GC invocations=7 (full 0):
 garbage-first heap   total 61440K, used 21737K [0x0000000091000000, 0x0000000100000000)
  region size 1024K, 2 young (2048K), 2 survivors (2048K)
 Metaspace       used 27928K, committed 28352K, reserved 1114112K
  class space    used 3555K, committed 3776K, reserved 1048576K
}
Event: 7.893 GC heap before
{Heap before GC invocations=7 (full 0):
 garbage-first heap   total 61440K, used 47337K [0x0000000091000000, 0x0000000100000000)
  region size 1024K, 28 young (28672K), 2 survivors (2048K)
 Metaspace       used 34135K, committed 34688K, reserved 1114112K
  class space    used 4463K, committed 4736K, reserved 1048576K
}
Event: 7.902 GC heap after
{Heap after GC invocations=8 (full 0):
 garbage-first heap   total 61440K, used 23726K [0x0000000091000000, 0x0000000100000000)
  region size 1024K, 4 young (4096K), 4 survivors (4096K)
 Metaspace       used 34135K, committed 34688K, reserved 1114112K
  class space    used 4463K, committed 4736K, reserved 1048576K
}
Event: 8.195 GC heap before
{Heap before GC invocations=8 (full 0):
 garbage-first heap   total 61440K, used 29870K [0x0000000091000000, 0x0000000100000000)
  region size 1024K, 11 young (11264K), 4 survivors (4096K)
 Metaspace       used 35659K, committed 36160K, reserved 1114112K
  class space    used 4652K, committed 4864K, reserved 1048576K
}
Event: 8.207 GC heap after
{Heap after GC invocations=9 (full 0):
 garbage-first heap   total 61440K, used 24566K [0x0000000091000000, 0x0000000100000000)
  region size 1024K, 1 young (1024K), 1 survivors (1024K)
 Metaspace       used 35659K, committed 36160K, reserved 1114112K
  class space    used 4652K, committed 4864K, reserved 1048576K
}
Event: 10.825 GC heap before
{Heap before GC invocations=10 (full 0):
 garbage-first heap   total 61440K, used 50166K [0x0000000091000000, 0x0000000100000000)
  region size 1024K, 26 young (26624K), 1 survivors (1024K)
 Metaspace       used 39986K, committed 40576K, reserved 1114112K
  class space    used 5380K, committed 5632K, reserved 1048576K
}
Event: 10.833 GC heap after
{Heap after GC invocations=11 (full 0):
 garbage-first heap   total 61440K, used 26934K [0x0000000091000000, 0x0000000100000000)
  region size 1024K, 3 young (3072K), 3 survivors (3072K)
 Metaspace       used 39986K, committed 40576K, reserved 1114112K
  class space    used 5380K, committed 5632K, reserved 1048576K
}
Event: 12.714 GC heap before
{Heap before GC invocations=11 (full 0):
 garbage-first heap   total 61440K, used 51510K [0x0000000091000000, 0x0000000100000000)
  region size 1024K, 27 young (27648K), 3 survivors (3072K)
 Metaspace       used 43543K, committed 44224K, reserved 1114112K
  class space    used 5895K, committed 6208K, reserved 1048576K
}
Event: 12.726 GC heap after
{Heap after GC invocations=12 (full 0):
 garbage-first heap   total 61440K, used 28666K [0x0000000091000000, 0x0000000100000000)
  region size 1024K, 3 young (3072K), 3 survivors (3072K)
 Metaspace       used 43543K, committed 44224K, reserved 1114112K
  class space    used 5895K, committed 6208K, reserved 1048576K
}
Event: 136.792 GC heap before
{Heap before GC invocations=12 (full 0):
 garbage-first heap   total 61440K, used 51194K [0x0000000091000000, 0x0000000100000000)
  region size 1024K, 26 young (26624K), 3 survivors (3072K)
 Metaspace       used 49163K, committed 49920K, reserved 1114112K
  class space    used 6753K, committed 7104K, reserved 1048576K
}
Event: 136.850 GC heap after
{Heap after GC invocations=13 (full 0):
 garbage-first heap   total 61440K, used 31237K [0x0000000091000000, 0x0000000100000000)
  region size 1024K, 3 young (3072K), 3 survivors (3072K)
 Metaspace       used 49163K, committed 49920K, reserved 1114112K
  class space    used 6753K, committed 7104K, reserved 1048576K
}
Event: 138.590 GC heap before
{Heap before GC invocations=13 (full 0):
 garbage-first heap   total 61440K, used 51717K [0x0000000091000000, 0x0000000100000000)
  region size 1024K, 24 young (24576K), 3 survivors (3072K)
 Metaspace       used 54114K, committed 54912K, reserved 1114112K
  class space    used 7581K, committed 7936K, reserved 1048576K
}
Event: 138.604 GC heap after
{Heap after GC invocations=14 (full 0):
 garbage-first heap   total 61440K, used 32779K [0x0000000091000000, 0x0000000100000000)
  region size 1024K, 2 young (2048K), 2 survivors (2048K)
 Metaspace       used 54114K, committed 54912K, reserved 1114112K
  class space    used 7581K, committed 7936K, reserved 1048576K
}
Event: 596.498 GC heap before
{Heap before GC invocations=15 (full 0):
 garbage-first heap   total 61440K, used 52235K [0x0000000091000000, 0x0000000100000000)
  region size 1024K, 22 young (22528K), 2 survivors (2048K)
 Metaspace       used 55387K, committed 56192K, reserved 1114112K
  class space    used 7725K, committed 8064K, reserved 1048576K
}
Event: 596.561 GC heap after
{Heap after GC invocations=16 (full 0):
 garbage-first heap   total 61440K, used 33523K [0x0000000091000000, 0x0000000100000000)
  region size 1024K, 3 young (3072K), 3 survivors (3072K)
 Metaspace       used 55387K, committed 56192K, reserved 1114112K
  class space    used 7725K, committed 8064K, reserved 1048576K
}
Event: 646.596 GC heap before
{Heap before GC invocations=16 (full 0):
 garbage-first heap   total 61440K, used 54003K [0x0000000091000000, 0x0000000100000000)
  region size 1024K, 23 young (23552K), 3 survivors (3072K)
 Metaspace       used 55920K, committed 56704K, reserved 1114112K
  class space    used 7732K, committed 8064K, reserved 1048576K
}
Event: 646.700 GC heap after
{Heap after GC invocations=17 (full 0):
 garbage-first heap   total 61440K, used 33279K [0x0000000091000000, 0x0000000100000000)
  region size 1024K, 2 young (2048K), 2 survivors (2048K)
 Metaspace       used 55920K, committed 56704K, reserved 1114112K
  class space    used 7732K, committed 8064K, reserved 1048576K
}

